<?xml version="1.0" encoding="UTF-8"?>
<!-- Generated by org.testng.reporters.JUnitReportReporter -->
<testsuite skipped="0" hostname="Neel-Niki" name="test.NewTest" tests="1" failures="0" timestamp="18 Apr 2019 17:44:07 GMT" time="22.090" errors="0">
  <testcase name="openMyBlog" time="22.090" classname="test.NewTest"/>
</testsuite> <!-- test.NewTest -->
